7:40:10 PM  [main] 	Initializing Control Panel
7:40:10 PM  [main] 	Windows Version:  Enterprise  64-bit
7:40:10 PM  [main] 	XAMPP Version: 8.2.12
7:40:10 PM  [main] 	Control Panel Version: 3.3.0  [ Compiled: Apr 6th 2021 ]
7:40:10 PM  [main] 	You are not running with administrator rights! This will work for
7:40:10 PM  [main] 	most application stuff but whenever you do something with services
7:40:10 PM  [main] 	there will be a security dialogue or things will break! So think 
7:40:10 PM  [main] 	about running this application with administrator rights!
7:40:10 PM  [main] 	XAMPP Installation Directory: "c:\xampp\htdocs\finalproject\z\"
7:40:10 PM  [main] 	Checking for prerequisites
7:40:12 PM  [main] 	All prerequisites found
7:40:12 PM  [main] 	Initializing Modules
7:40:12 PM  [main] 	Starting Check-Timer
7:40:12 PM  [main] 	Control Panel Ready
7:40:15 PM  [Apache] 	Attempting to start Apache app...
7:40:15 PM  [Apache] 	Status change detected: running
7:40:22 PM  [mysql] 	Attempting to start MySQL app...
7:40:23 PM  [mysql] 	Status change detected: running
11:58:42 PM  [mysql] 	Attempting to stop MySQL app...
11:58:42 PM  [mysql] 	Status change detected: stopped
11:58:43 PM  [Apache] 	Attempting to stop Apache (PID: 1124)
11:58:43 PM  [Apache] 	Attempting to stop Apache (PID: 4312)
11:58:43 PM  [Apache] 	Status change detected: stopped
12:12:44 AM  [Apache] 	Status change detected: running
12:12:52 AM  [mysql] 	Status change detected: running
12:27:50 AM  [mysql] 	Status change detected: stopped
12:27:52 AM  [Apache] 	Status change detected: stopped
3:20:01 AM  [main] 	Deinitializing Modules
3:20:01 AM  [main] 	Deinitializing Control Panel

10:47:41 PM  [main] 	Initializing Control Panel
10:47:41 PM  [main] 	Windows Version:  Enterprise  64-bit
10:47:41 PM  [main] 	XAMPP Version: 8.2.12
10:47:41 PM  [main] 	Control Panel Version: 3.3.0  [ Compiled: Apr 6th 2021 ]
10:47:41 PM  [main] 	You are not running with administrator rights! This will work for
10:47:41 PM  [main] 	most application stuff but whenever you do something with services
10:47:41 PM  [main] 	there will be a security dialogue or things will break! So think 
10:47:41 PM  [main] 	about running this application with administrator rights!
10:47:41 PM  [main] 	XAMPP Installation Directory: "c:\xampp\htdocs\finalproject\z\"
10:47:41 PM  [main] 	Checking for prerequisites
10:47:44 PM  [main] 	All prerequisites found
10:47:44 PM  [main] 	Initializing Modules
10:47:44 PM  [main] 	Starting Check-Timer
10:47:44 PM  [main] 	Control Panel Ready
10:47:46 PM  [Apache] 	Attempting to start Apache app...
10:47:46 PM  [Apache] 	Status change detected: running
10:47:53 PM  [mysql] 	Attempting to start MySQL app...
10:47:54 PM  [mysql] 	Status change detected: running
11:09:56 PM  [mysql] 	Attempting to stop MySQL app...
11:09:56 PM  [mysql] 	Status change detected: stopped
11:09:57 PM  [Apache] 	Attempting to stop Apache (PID: 10048)
11:09:57 PM  [Apache] 	Attempting to stop Apache (PID: 10216)
11:09:57 PM  [Apache] 	Status change detected: stopped
11:44:45 PM  [main] 	Deinitializing Modules
11:44:45 PM  [main] 	Deinitializing Control Panel

